[2025-07-28 13:43:35.212] [info]  No state version found, assuming empty state.
[2025-07-28 13:43:35.422] [info]  Coredumps are disabled in renderer process
[2025-07-28 13:43:36.125] [info]  SSH agent started
[2025-07-28 13:43:36.127] [info]  State version: 70
[2025-07-28 13:44:07.392] [error] Unable to fetch ServerConfig from http://100.88.78.22:8001/api Error: Failed to fetch
[2025-07-28 13:44:08.188] [info]  Self-host environment did not respond in time, emitting previous config.
[2025-07-28 13:44:14.224] [info]  Retrieving application id
[2025-07-28 13:44:19.037] [error] Error: Failed to fetch
[2025-07-28 13:44:25.196] [error] Error: Failed to fetch
[2025-07-28 13:45:12.580] [error] Unable to fetch ServerConfig from https://100.88.78.22:8001/api Error: Failed to fetch
[2025-07-28 13:45:13.335] [info]  Self-host environment did not respond in time, emitting previous config.
[2025-07-28 13:45:13.422] [info]  Retrieving application id
[2025-07-28 13:45:18.400] [error] Error: Failed to fetch
[2025-07-28 13:46:25.708] [error] Unable to fetch ServerConfig from https://100.88.78.22:8001/api Error: Failed to fetch
[2025-07-28 13:46:26.464] [info]  Self-host environment did not respond in time, emitting previous config.
[2025-07-28 13:46:26.701] [info]  Retrieving application id
[2025-07-28 13:46:31.543] [error] Error: Failed to fetch
[2025-07-28 13:46:33.426] [error] Error: Failed to fetch
[2025-07-28 13:46:45.431] [info]  State version: 70
[2025-07-28 13:46:45.434] [info]  Migrator MinVersionMigrator (to version 3) should migrate: false - up
[2025-07-28 13:46:45.434] [info]  Migrator RemoveEverBeenUnlockedMigrator (to version 4) should migrate: false - up
[2025-07-28 13:46:45.434] [info]  Migrator AddKeyTypeToOrgKeysMigrator (to version 5) should migrate: false - up
[2025-07-28 13:46:45.434] [info]  Migrator RemoveLegacyEtmKeyMigrator (to version 6) should migrate: false - up
[2025-07-28 13:46:45.435] [info]  Migrator MoveBiometricAutoPromptToAccount (to version 7) should migrate: false - up
[2025-07-28 13:46:45.435] [info]  Migrator MoveStateVersionMigrator (to version 8) should migrate: false - up
[2025-07-28 13:46:45.435] [info]  Migrator MoveBrowserSettingsToGlobal (to version 9) should migrate: false - up
[2025-07-28 13:46:45.435] [info]  Migrator EverHadUserKeyMigrator (to version 10) should migrate: false - up
[2025-07-28 13:46:45.435] [info]  Migrator OrganizationKeyMigrator (to version 11) should migrate: false - up
[2025-07-28 13:46:45.435] [info]  Migrator MoveEnvironmentStateToProviders (to version 12) should migrate: false - up
[2025-07-28 13:46:45.435] [info]  Migrator ProviderKeyMigrator (to version 13) should migrate: false - up
[2025-07-28 13:46:45.435] [info]  Migrator MoveBiometricClientKeyHalfToStateProviders (to version 14) should migrate: false - up
[2025-07-28 13:46:45.436] [info]  Migrator FolderMigrator (to version 15) should migrate: false - up
[2025-07-28 13:46:45.436] [info]  Migrator LastSyncMigrator (to version 16) should migrate: false - up
[2025-07-28 13:46:45.436] [info]  Migrator EnablePasskeysMigrator (to version 17) should migrate: false - up
[2025-07-28 13:46:45.436] [info]  Migrator AutofillSettingsKeyMigrator (to version 18) should migrate: false - up
[2025-07-28 13:46:45.436] [info]  Migrator RequirePasswordOnStartMigrator (to version 19) should migrate: false - up
[2025-07-28 13:46:45.436] [info]  Migrator PrivateKeyMigrator (to version 20) should migrate: false - up
[2025-07-28 13:46:45.436] [info]  Migrator CollectionMigrator (to version 21) should migrate: false - up
[2025-07-28 13:46:45.436] [info]  Migrator CollapsedGroupingsMigrator (to version 22) should migrate: false - up
[2025-07-28 13:46:45.436] [info]  Migrator MoveBiometricPromptsToStateProviders (to version 23) should migrate: false - up
[2025-07-28 13:46:45.436] [info]  Migrator SmOnboardingTasksMigrator (to version 24) should migrate: false - up
[2025-07-28 13:46:45.436] [info]  Migrator ClearClipboardDelayMigrator (to version 25) should migrate: false - up
[2025-07-28 13:46:45.436] [info]  Migrator RevertLastSyncMigrator (to version 26) should migrate: false - up
[2025-07-28 13:46:45.437] [info]  Migrator BadgeSettingsMigrator (to version 27) should migrate: false - up
[2025-07-28 13:46:45.437] [info]  Migrator MoveBiometricUnlockToStateProviders (to version 28) should migrate: false - up
[2025-07-28 13:46:45.437] [info]  Migrator UserNotificationSettingsKeyMigrator (to version 29) should migrate: false - up
[2025-07-28 13:46:45.437] [info]  Migrator PolicyMigrator (to version 30) should migrate: false - up
[2025-07-28 13:46:45.437] [info]  Migrator EnableContextMenuMigrator (to version 31) should migrate: false - up
[2025-07-28 13:46:45.437] [info]  Migrator PreferredLanguageMigrator (to version 32) should migrate: false - up
[2025-07-28 13:46:45.437] [info]  Migrator AppIdMigrator (to version 33) should migrate: false - up
[2025-07-28 13:46:45.437] [info]  Migrator DomainSettingsMigrator (to version 34) should migrate: false - up
[2025-07-28 13:46:45.437] [info]  Migrator MoveThemeToStateProviderMigrator (to version 35) should migrate: false - up
[2025-07-28 13:46:45.437] [info]  Migrator VaultSettingsKeyMigrator (to version 36) should migrate: false - up
[2025-07-28 13:46:45.437] [info]  Migrator AvatarColorMigrator (to version 37) should migrate: false - up
[2025-07-28 13:46:45.437] [info]  Migrator TokenServiceStateProviderMigrator (to version 38) should migrate: false - up
[2025-07-28 13:46:45.437] [info]  Migrator MoveBillingAccountProfileMigrator (to version 39) should migrate: false - up
[2025-07-28 13:46:45.437] [info]  Migrator OrganizationMigrator (to version 40) should migrate: false - up
[2025-07-28 13:46:45.438] [info]  Migrator EventCollectionMigrator (to version 41) should migrate: false - up
[2025-07-28 13:46:45.438] [info]  Migrator EnableFaviconMigrator (to version 42) should migrate: false - up
[2025-07-28 13:46:45.438] [info]  Migrator AutoConfirmFingerPrintsMigrator (to version 43) should migrate: false - up
[2025-07-28 13:46:45.438] [info]  Migrator UserDecryptionOptionsMigrator (to version 44) should migrate: false - up
[2025-07-28 13:46:45.438] [info]  Migrator MergeEnvironmentState (to version 45) should migrate: false - up
[2025-07-28 13:46:45.438] [info]  Migrator DeleteBiometricPromptCancelledData (to version 46) should migrate: false - up
[2025-07-28 13:46:45.438] [info]  Migrator MoveDesktopSettingsMigrator (to version 47) should migrate: false - up
[2025-07-28 13:46:45.438] [info]  Migrator MoveDdgToStateProviderMigrator (to version 48) should migrate: false - up
[2025-07-28 13:46:45.438] [info]  Migrator AccountServerConfigMigrator (to version 49) should migrate: false - up
[2025-07-28 13:46:45.438] [info]  Migrator KeyConnectorMigrator (to version 50) should migrate: false - up
[2025-07-28 13:46:45.438] [info]  Migrator RememberedEmailMigrator (to version 51) should migrate: false - up
[2025-07-28 13:46:45.438] [info]  Migrator DeleteInstalledVersion (to version 52) should migrate: false - up
[2025-07-28 13:46:45.438] [info]  Migrator DeviceTrustServiceStateProviderMigrator (to version 53) should migrate: false - up
[2025-07-28 13:46:45.438] [info]  Migrator SendMigrator (to version 54) should migrate: false - up
[2025-07-28 13:46:45.439] [info]  Migrator MoveMasterKeyStateToProviderMigrator (to version 55) should migrate: false - up
[2025-07-28 13:46:45.439] [info]  Migrator AuthRequestMigrator (to version 56) should migrate: false - up
[2025-07-28 13:46:45.439] [info]  Migrator CipherServiceMigrator (to version 57) should migrate: false - up
[2025-07-28 13:46:45.439] [info]  Migrator RemoveRefreshTokenMigratedFlagMigrator (to version 58) should migrate: false - up
[2025-07-28 13:46:45.439] [info]  Migrator KdfConfigMigrator (to version 59) should migrate: false - up
[2025-07-28 13:46:45.439] [info]  Migrator KnownAccountsMigrator (to version 60) should migrate: false - up
[2025-07-28 13:46:45.439] [info]  Migrator PinStateMigrator (to version 61) should migrate: false - up
[2025-07-28 13:46:45.439] [info]  Migrator VaultTimeoutSettingsServiceStateProviderMigrator (to version 62) should migrate: false - up
[2025-07-28 13:46:45.439] [info]  Migrator PasswordOptionsMigrator (to version 63) should migrate: false - up
[2025-07-28 13:46:45.439] [info]  Migrator GeneratorHistoryMigrator (to version 64) should migrate: false - up
[2025-07-28 13:46:45.439] [info]  Migrator ForwarderOptionsMigrator (to version 65) should migrate: false - up
[2025-07-28 13:46:45.439] [info]  Migrator MoveFinalDesktopSettingsMigrator (to version 66) should migrate: false - up
[2025-07-28 13:46:45.439] [info]  Migrator RemoveUnassignedItemsBannerDismissed (to version 67) should migrate: false - up
[2025-07-28 13:46:45.439] [info]  Migrator MoveLastSyncDate (to version 68) should migrate: false - up
[2025-07-28 13:46:45.440] [info]  Migrator MigrateIncorrectFolderKey (to version 69) should migrate: false - up
[2025-07-28 13:46:45.440] [info]  Migrator RemoveAcBannersDismissed (to version 70) should migrate: false - up
[2025-07-28 13:46:45.568] [info]  Coredumps are disabled in renderer process
[2025-07-28 13:46:46.176] [info]  SSH agent started
[2025-07-28 13:46:46.178] [info]  State version: 70
[2025-07-28 13:46:46.265] [info]  Retrieving application id
[2025-07-28 13:46:46.331] [error] Unable to fetch ServerConfig from https://100.88.78.22:8001/api Error: Failed to fetch
[2025-07-28 13:46:46.994] [info]  Self-host environment did not respond in time, emitting previous config.
[2025-07-28 13:47:09.113] [error] Unable to fetch ServerConfig from https://100.88.78.22:8001/api Error: Failed to fetch
[2025-07-28 13:47:09.867] [info]  Self-host environment did not respond in time, emitting previous config.
[2025-07-28 13:47:10.170] [info]  Retrieving application id
[2025-07-28 13:47:14.813] [error] Error: Failed to fetch
[2025-07-28 14:03:12.172] [error] Error: Failed to fetch
