2025-07-27 00:15:39 Loading main app package /usr/lib/obsidian/obsidian.asar
2025-07-27 00:15:39 Checking for update using Github
2025-07-27 00:15:39 Success.
2025-07-27 00:15:39 Latest version is 1.8.10
2025-07-27 00:15:39 App is up to date.
2025-07-27 00:15:46 Loading main app package /usr/lib/obsidian/obsidian.asar
2025-07-27 00:15:46 Checking for update using Github
2025-07-27 00:15:46 Success.
2025-07-27 00:15:46 Latest version is 1.8.10
2025-07-27 00:15:46 App is up to date.
2025-07-28 12:43:59 Loading main app package /usr/lib/obsidian/obsidian.asar
2025-07-28 12:43:59 Checking for update using Github
2025-07-28 12:43:59 Success.
2025-07-28 12:43:59 Latest version is 1.8.10
2025-07-28 12:43:59 App is up to date.
2025-07-29 10:56:53 Loading main app package /usr/lib/obsidian/obsidian.asar
2025-07-29 10:56:53 Checking for update using Github
2025-07-29 10:56:54 Success.
2025-07-29 10:56:54 Latest version is 1.8.10
2025-07-29 10:56:54 App is up to date.
2025-07-29 11:56:53 Checking for update using Github
2025-07-29 11:56:53 Success.
2025-07-29 11:56:53 Latest version is 1.8.10
2025-07-29 11:56:53 App is up to date.
2025-07-29 12:56:53 Checking for update using Github
2025-07-29 12:56:53 Success.
2025-07-29 12:56:53 Latest version is 1.8.10
2025-07-29 12:56:53 App is up to date.
2025-07-29 13:56:53 Checking for update using Github
2025-07-29 13:56:53 Success.
2025-07-29 13:56:53 Latest version is 1.8.10
2025-07-29 13:56:53 App is up to date.
2025-07-29 14:56:53 Checking for update using Github
2025-07-29 14:56:53 Success.
2025-07-29 14:56:53 Latest version is 1.8.10
2025-07-29 14:56:53 App is up to date.
2025-07-29 15:56:53 Checking for update using Github
2025-07-29 15:56:53 Success.
2025-07-29 15:56:53 Latest version is 1.8.10
2025-07-29 15:56:53 App is up to date.
2025-07-30 13:48:06 Loading main app package /usr/lib/obsidian/obsidian.asar
2025-07-30 13:48:07 Checking for update using Github
2025-07-30 13:48:07 Success.
2025-07-30 13:48:07 Latest version is 1.8.10
2025-07-30 13:48:07 App is up to date.
2025-07-31 15:00:36 Loading main app package /usr/lib/obsidian/obsidian.asar
2025-07-31 15:00:36 Checking for update using Github
2025-07-31 15:00:36 Success.
2025-07-31 15:00:36 Latest version is 1.8.10
2025-07-31 15:00:36 App is up to date.
2025-07-31 16:00:36 Checking for update using Github
2025-07-31 16:00:36 Success.
2025-07-31 16:00:36 Latest version is 1.8.10
2025-07-31 16:00:36 App is up to date.
2025-07-31 17:00:36 Checking for update using Github
2025-07-31 17:00:36 Success.
2025-07-31 17:00:36 Latest version is 1.8.10
2025-07-31 17:00:36 App is up to date.
2025-07-31 18:00:36 Checking for update using Github
2025-07-31 18:00:36 Success.
2025-07-31 18:00:36 Latest version is 1.8.10
2025-07-31 18:00:36 App is up to date.
2025-07-31 19:00:36 Checking for update using Github
2025-07-31 19:00:36 Success.
2025-07-31 19:00:36 Latest version is 1.8.10
2025-07-31 19:00:36 App is up to date.
2025-07-31 20:00:36 Checking for update using Github
2025-07-31 20:00:36 Success.
2025-07-31 20:00:36 Latest version is 1.8.10
2025-07-31 20:00:36 App is up to date.
2025-07-31 21:00:36 Checking for update using Github
2025-07-31 21:00:36 Success.
2025-07-31 21:00:36 Latest version is 1.8.10
2025-07-31 21:00:36 App is up to date.
2025-07-31 22:00:36 Checking for update using Github
2025-07-31 22:00:36 Success.
2025-07-31 22:00:36 Latest version is 1.8.10
2025-07-31 22:00:36 App is up to date.
2025-08-01 09:50:11 Loading main app package /usr/lib/obsidian/obsidian.asar
2025-08-01 09:50:11 Checking for update using Github
2025-08-01 09:50:11 Success.
2025-08-01 09:50:11 Latest version is 1.8.10
2025-08-01 09:50:11 App is up to date.
2025-08-02 22:49:56 Loading main app package /usr/lib/obsidian/obsidian.asar
2025-08-02 22:49:57 Checking for update using Github
2025-08-02 22:49:57 Success.
2025-08-02 22:49:57 Latest version is 1.8.10
2025-08-02 22:49:57 App is up to date.
2025-08-04 19:40:33 Loading main app package /usr/lib/obsidian/obsidian.asar
2025-08-04 19:40:34 Checking for update using Github
2025-08-04 19:40:34 Success.
2025-08-04 19:40:34 Latest version is 1.8.10
2025-08-04 19:40:34 App is up to date.
2025-08-05 00:24:19 Loading main app package /usr/lib/obsidian/obsidian.asar
2025-08-05 00:24:20 Checking for update using Github
2025-08-05 00:24:20 Success.
2025-08-05 00:24:20 Latest version is 1.8.10
2025-08-05 00:24:20 App is up to date.
2025-08-06 14:31:04 Loading main app package /usr/lib/obsidian/obsidian.asar
2025-08-06 14:31:04 Checking for update using Github
2025-08-06 14:31:04 Success.
2025-08-06 14:31:04 Latest version is 1.8.10
2025-08-06 14:31:04 App is up to date.
2025-08-06 16:32:36 Loading main app package /usr/lib/obsidian/obsidian.asar
2025-08-06 16:32:36 Checking for update using Github
2025-08-06 16:32:36 Success.
2025-08-06 16:32:36 Latest version is 1.8.10
2025-08-06 16:32:36 App is up to date.
2025-08-07 13:57:59 Loading main app package /usr/lib/obsidian/obsidian.asar
2025-08-07 13:58:00 Checking for update using Github
2025-08-07 13:58:00 Success.
2025-08-07 13:58:00 Latest version is 1.8.10
2025-08-07 13:58:00 App is up to date.
